Using pre-set license
Built from '2020.3/staging' branch; Version is '2020.3.21f1 (a38c86f6690f) revision 10718342'; Using compiler version '192528614'; Build Type 'Release'
OS: 'Windows 10 Home Single Language; OS build 22000.318; Version 2009; 64bit' Language: 'ru' Physical Memory: 15792 MB
BatchMode: 1, IsHumanControllingUs: 0, StartBugReporterOnCrash: 0, Is64bit: 1, IsPro: 0

COMMAND LINE ARGUMENTS:
C:\Program Files\Unity\Hub\Editor\2020.3.21f1\Editor\Unity.exe
-adb2
-batchMode
-noUpm
-name
AssetImportWorker0
-projectPath
C:/Users/arrit/Documents/GitHub/Zombie-Runner/Zombie Runner
-logFile
Logs/AssetImportWorker0.log
-srvPort
50850
Successfully changed project path to: C:/Users/arrit/Documents/GitHub/Zombie-Runner/Zombie Runner
C:/Users/arrit/Documents/GitHub/Zombie-Runner/Zombie Runner
Using Asset Import Pipeline V2.
Refreshing native plugins compatible for Editor in 25.40 ms, found 2 plugins.
Preloading 0 native plugins for Editor in 0.00 ms.
Initialize engine version: 2020.3.21f1 (a38c86f6690f)
[Subsystems] Discovering subsystems at path C:/Program Files/Unity/Hub/Editor/2020.3.21f1/Editor/Data/Resources/UnitySubsystems
[Subsystems] Discovering subsystems at path C:/Users/arrit/Documents/GitHub/Zombie-Runner/Zombie Runner/Assets
GfxDevice: creating device client; threaded=0
Direct3D:
    Version:  Direct3D 11.0 [level 11.1]
    Renderer: NVIDIA GeForce RTX 3060 Laptop GPU (ID=0x2520)
    Vendor:   
    VRAM:     6023 MB
    Driver:   30.0.14.7247
Initialize mono
Mono path[0] = 'C:/Program Files/Unity/Hub/Editor/2020.3.21f1/Editor/Data/Managed'
Mono path[1] = 'C:/Program Files/Unity/Hub/Editor/2020.3.21f1/Editor/Data/MonoBleedingEdge/lib/mono/unityjit'
Mono config path = 'C:/Program Files/Unity/Hub/Editor/2020.3.21f1/Editor/Data/MonoBleedingEdge/etc'
Using monoOptions --debugger-agent=transport=dt_socket,embedding=1,server=y,suspend=n,address=127.0.0.1:56548
Begin MonoManager ReloadAssembly
Registering precompiled unity dll's ...
Register platform support module: C:/Program Files/Unity/Hub/Editor/2020.3.21f1/Editor/Data/PlaybackEngines/WebGLSupport/UnityEditor.WebGL.Extensions.dll
Register platform support module: C:/Program Files/Unity/Hub/Editor/2020.3.21f1/Editor/Data/PlaybackEngines/WindowsStandaloneSupport/UnityEditor.WindowsStandalone.Extensions.dll
Registered in 0.001137 seconds.
Native extension for WindowsStandalone target not found
Native extension for WebGL target not found
Refreshing native plugins compatible for Editor in 25.13 ms, found 2 plugins.
Preloading 0 native plugins for Editor in 0.00 ms.
Mono: successfully reloaded assembly
- Completed reload, in  0.786 seconds
Domain Reload Profiling:
	ReloadAssembly (786ms)
		BeginReloadAssembly (36ms)
			ExecutionOrderSort (0ms)
			DisableScriptedObjects (0ms)
			BackupInstance (0ms)
			ReleaseScriptingObjects (0ms)
			CreateAndSetChildDomain (1ms)
		EndReloadAssembly (297ms)
			LoadAssemblies (35ms)
			RebuildTransferFunctionScriptingTraits (0ms)
			SetupTypeCache (93ms)
			ReleaseScriptCaches (0ms)
			RebuildScriptCaches (19ms)
			SetupLoadedEditorAssemblies (121ms)
				LogAssemblyErrors (0ms)
				InitializePlatformSupportModulesInManaged (4ms)
				SetLoadedEditorAssemblies (0ms)
				RefreshPlugins (25ms)
				BeforeProcessingInitializeOnLoad (11ms)
				ProcessInitializeOnLoadAttributes (60ms)
				ProcessInitializeOnLoadMethodAttributes (20ms)
				AfterProcessingInitializeOnLoad (0ms)
				EditorAssembliesLoaded (0ms)
			ExecutionOrderSort2 (0ms)
			AwakeInstancesAfterBackupRestoration (0ms)
Platform modules already initialized, skipping
Registering precompiled user dll's ...
Registered in 0.002875 seconds.
Begin MonoManager ReloadAssembly
Native extension for WindowsStandalone target not found
Native extension for WebGL target not found
Refreshing native plugins compatible for Editor in 0.48 ms, found 2 plugins.
Preloading 0 native plugins for Editor in 0.00 ms.
Mono: successfully reloaded assembly
- Completed reload, in  0.755 seconds
Domain Reload Profiling:
	ReloadAssembly (755ms)
		BeginReloadAssembly (96ms)
			ExecutionOrderSort (0ms)
			DisableScriptedObjects (3ms)
			BackupInstance (0ms)
			ReleaseScriptingObjects (0ms)
			CreateAndSetChildDomain (16ms)
		EndReloadAssembly (617ms)
			LoadAssemblies (61ms)
			RebuildTransferFunctionScriptingTraits (0ms)
			SetupTypeCache (208ms)
			ReleaseScriptCaches (1ms)
			RebuildScriptCaches (31ms)
			SetupLoadedEditorAssemblies (249ms)
				LogAssemblyErrors (0ms)
				InitializePlatformSupportModulesInManaged (4ms)
				SetLoadedEditorAssemblies (0ms)
				RefreshPlugins (1ms)
				BeforeProcessingInitializeOnLoad (62ms)
				ProcessInitializeOnLoadAttributes (170ms)
				ProcessInitializeOnLoadMethodAttributes (8ms)
				AfterProcessingInitializeOnLoad (4ms)
				EditorAssembliesLoaded (0ms)
			ExecutionOrderSort2 (0ms)
			AwakeInstancesAfterBackupRestoration (7ms)
Platform modules already initialized, skipping
========================================================================
Worker process is ready to serve import requests
Launched and connected shader compiler UnityShaderCompiler.exe after 0.03 seconds
Refreshing native plugins compatible for Editor in 0.38 ms, found 2 plugins.
Preloading 0 native plugins for Editor in 0.00 ms.
Unloading 1585 Unused Serialized files (Serialized files now loaded: 0)
System memory in use before: 79.2 MB.
System memory in use after: 78.9 MB.

Unloading 21 unused Assets to reduce memory usage. Loaded Objects now: 2029.
Total: 2.540200 ms (FindLiveObjects: 0.159100 ms CreateObjectMapping: 0.037100 ms MarkObjects: 2.116600 ms  DeleteObjects: 0.226600 ms)

AssetImportParameters requested are different than current active one (requested -> active):
  custom:framework-win-MediaFoundation: 216162199b28c13a410421893ffa2e32 -> 
  custom:video-decoder-ogg-theora: a1e56fd34408186e4bbccfd4996cb3dc -> 
  custom:container-muxer-webm: aa71ff27fc2769a1b78a27578f13a17b -> 
  custom:container-demuxer-webm: 4f35f7cbe854078d1ac9338744f61a02 -> 
  custom:container-demuxer-ogg: 62fdf1f143b41e24485cea50d1cbac27 -> 
  custom:video-encoder-webm-vp8: eb34c28f22e8b96e1ab97ce403110664 -> 
  custom:video-decoder-webm-vp8: 9c59270c3fd7afecdb556c50c9e8de78 -> 
  custom:audio-decoder-ogg-vorbis: bf7c407c2cedff20999df2af8eb42d56 -> 
  custom:audio-encoder-webm-vorbis: bf7c407c2cedff20999df2af8eb42d56 -> 
========================================================================
Received Import Request.
  path: Assets/Prefabs/VFX/Hit Effect VFX.prefab
  artifactKey: Guid(83afb29b9af6d0c4b8d0a8e1defc36cd) Importer(815301076,1909f56bfc062723c751e8b465ee728b)
Start importing Assets/Prefabs/VFX/Hit Effect VFX.prefab using Guid(83afb29b9af6d0c4b8d0a8e1defc36cd) Importer(815301076,1909f56bfc062723c751e8b465ee728b)  -> (artifact id: '4fe68076ceab4c1940f673651543349e') in 0.075046 seconds 
  Import took 0.078381 seconds .

========================================================================
Received Import Request.
  Time since last request: 54.360732 seconds.
  path: Assets/Prefabs/VFX/Hit Effect VFX.prefab
  artifactKey: Guid(83afb29b9af6d0c4b8d0a8e1defc36cd) Importer(815301076,1909f56bfc062723c751e8b465ee728b)
Start importing Assets/Prefabs/VFX/Hit Effect VFX.prefab using Guid(83afb29b9af6d0c4b8d0a8e1defc36cd) Importer(815301076,1909f56bfc062723c751e8b465ee728b)  -> (artifact id: '7a039ff3745b129fc2ca51f0d6ad01e5') in 0.016542 seconds 
  Import took 0.020533 seconds .

========================================================================
Received Import Request.
  Time since last request: 1.970005 seconds.
  path: Assets/Prefabs/VFX/Hit Effect VFX.prefab
  artifactKey: Guid(83afb29b9af6d0c4b8d0a8e1defc36cd) Importer(815301076,1909f56bfc062723c751e8b465ee728b)
Start importing Assets/Prefabs/VFX/Hit Effect VFX.prefab using Guid(83afb29b9af6d0c4b8d0a8e1defc36cd) Importer(815301076,1909f56bfc062723c751e8b465ee728b)  -> (artifact id: '517d0e2f90f702d23f2a8ae45e1daa44') in 0.013083 seconds 
  Import took 0.016336 seconds .

========================================================================
Received Import Request.
  Time since last request: 2.609889 seconds.
  path: Assets/Prefabs/VFX/Hit Effect VFX.prefab
  artifactKey: Guid(83afb29b9af6d0c4b8d0a8e1defc36cd) Importer(815301076,1909f56bfc062723c751e8b465ee728b)
Start importing Assets/Prefabs/VFX/Hit Effect VFX.prefab using Guid(83afb29b9af6d0c4b8d0a8e1defc36cd) Importer(815301076,1909f56bfc062723c751e8b465ee728b)  -> (artifact id: '76cf0b5bb67a11d8f1a9933f69f3dea9') in 0.011697 seconds 
  Import took 0.014546 seconds .

========================================================================
Received Import Request.
  Time since last request: 0.597873 seconds.
  path: Assets/Prefabs/VFX/Hit Effect VFX.prefab
  artifactKey: Guid(83afb29b9af6d0c4b8d0a8e1defc36cd) Importer(815301076,1909f56bfc062723c751e8b465ee728b)
Start importing Assets/Prefabs/VFX/Hit Effect VFX.prefab using Guid(83afb29b9af6d0c4b8d0a8e1defc36cd) Importer(815301076,1909f56bfc062723c751e8b465ee728b)  -> (artifact id: '8166754d16eb09fce01737f1e2942735') in 0.015771 seconds 
  Import took 0.018591 seconds .

========================================================================
Received Import Request.
  Time since last request: 1.376726 seconds.
  path: Assets/Prefabs/VFX/Hit Effect VFX.prefab
  artifactKey: Guid(83afb29b9af6d0c4b8d0a8e1defc36cd) Importer(815301076,1909f56bfc062723c751e8b465ee728b)
Start importing Assets/Prefabs/VFX/Hit Effect VFX.prefab using Guid(83afb29b9af6d0c4b8d0a8e1defc36cd) Importer(815301076,1909f56bfc062723c751e8b465ee728b)  -> (artifact id: '1b6c81e042206e316a24bac749ea8142') in 0.011297 seconds 
  Import took 0.014236 seconds .

========================================================================
Received Import Request.
  Time since last request: 0.801430 seconds.
  path: Assets/Prefabs/VFX/Hit Effect VFX.prefab
  artifactKey: Guid(83afb29b9af6d0c4b8d0a8e1defc36cd) Importer(815301076,1909f56bfc062723c751e8b465ee728b)
Start importing Assets/Prefabs/VFX/Hit Effect VFX.prefab using Guid(83afb29b9af6d0c4b8d0a8e1defc36cd) Importer(815301076,1909f56bfc062723c751e8b465ee728b)  -> (artifact id: '4d1f2a52cc4a5d7e7f5ca1b651477c6e') in 0.010818 seconds 
  Import took 0.013807 seconds .

========================================================================
Received Import Request.
  Time since last request: 7.242316 seconds.
  path: Assets/Prefabs/VFX/Hit Effect VFX.prefab
  artifactKey: Guid(83afb29b9af6d0c4b8d0a8e1defc36cd) Importer(815301076,1909f56bfc062723c751e8b465ee728b)
Start importing Assets/Prefabs/VFX/Hit Effect VFX.prefab using Guid(83afb29b9af6d0c4b8d0a8e1defc36cd) Importer(815301076,1909f56bfc062723c751e8b465ee728b)  -> (artifact id: 'd9d8f31d0162e3700bb9cb78ecb5ad8e') in 0.012992 seconds 
  Import took 0.015915 seconds .

========================================================================
Received Import Request.
  Time since last request: 3.592248 seconds.
  path: Assets/Prefabs/VFX/Hit Effect VFX.prefab
  artifactKey: Guid(83afb29b9af6d0c4b8d0a8e1defc36cd) Importer(815301076,1909f56bfc062723c751e8b465ee728b)
Start importing Assets/Prefabs/VFX/Hit Effect VFX.prefab using Guid(83afb29b9af6d0c4b8d0a8e1defc36cd) Importer(815301076,1909f56bfc062723c751e8b465ee728b)  -> (artifact id: '59494c2e0d785cb0cba6f74bc726d8a5') in 0.009730 seconds 
  Import took 0.012870 seconds .

========================================================================
Received Import Request.
  Time since last request: 1.199824 seconds.
  path: Assets/Prefabs/VFX/Hit Effect VFX.prefab
  artifactKey: Guid(83afb29b9af6d0c4b8d0a8e1defc36cd) Importer(815301076,1909f56bfc062723c751e8b465ee728b)
Start importing Assets/Prefabs/VFX/Hit Effect VFX.prefab using Guid(83afb29b9af6d0c4b8d0a8e1defc36cd) Importer(815301076,1909f56bfc062723c751e8b465ee728b)  -> (artifact id: '9ad11bd8b30fe2ee56f7c05c84224ba2') in 0.013025 seconds 
  Import took 0.016398 seconds .

========================================================================
Received Import Request.
  Time since last request: 3.803613 seconds.
  path: Assets/Prefabs/VFX/Hit Effect VFX.prefab
  artifactKey: Guid(83afb29b9af6d0c4b8d0a8e1defc36cd) Importer(815301076,1909f56bfc062723c751e8b465ee728b)
Start importing Assets/Prefabs/VFX/Hit Effect VFX.prefab using Guid(83afb29b9af6d0c4b8d0a8e1defc36cd) Importer(815301076,1909f56bfc062723c751e8b465ee728b)  -> (artifact id: '648a3b87c16514675300c395b33a10ea') in 0.010835 seconds 
  Import took 0.013754 seconds .

========================================================================
Received Import Request.
  Time since last request: 0.659553 seconds.
  path: Assets/Standard Assets/ParticleSystems/Materials/ParticleFirecloud.mat
  artifactKey: Guid(77d08210df254d845885518314593544) Importer(815301076,1909f56bfc062723c751e8b465ee728b)
Start importing Assets/Standard Assets/ParticleSystems/Materials/ParticleFirecloud.mat using Guid(77d08210df254d845885518314593544) Importer(815301076,1909f56bfc062723c751e8b465ee728b)  -> (artifact id: 'b8fad6377ca0f2a3abc3da83230e8601') in 0.028279 seconds 
  Import took 0.031041 seconds .

========================================================================
Received Import Request.
  Time since last request: 0.106707 seconds.
  path: Assets/Prefabs/VFX/Hit Effect VFX.prefab
  artifactKey: Guid(83afb29b9af6d0c4b8d0a8e1defc36cd) Importer(815301076,1909f56bfc062723c751e8b465ee728b)
Start importing Assets/Prefabs/VFX/Hit Effect VFX.prefab using Guid(83afb29b9af6d0c4b8d0a8e1defc36cd) Importer(815301076,1909f56bfc062723c751e8b465ee728b)  -> (artifact id: '6de4a45344132c405413dc2b37a770ff') in 0.009955 seconds 
  Import took 0.012927 seconds .

========================================================================
Received Import Request.
  Time since last request: 1.381441 seconds.
  path: Assets/Prefabs/VFX/Hit Effect VFX.prefab
  artifactKey: Guid(83afb29b9af6d0c4b8d0a8e1defc36cd) Importer(815301076,1909f56bfc062723c751e8b465ee728b)
Start importing Assets/Prefabs/VFX/Hit Effect VFX.prefab using Guid(83afb29b9af6d0c4b8d0a8e1defc36cd) Importer(815301076,1909f56bfc062723c751e8b465ee728b)  -> (artifact id: '0f1a6c265bc1fdf29ad0344a535f34e4') in 0.011285 seconds 
  Import took 0.013965 seconds .

========================================================================
Received Import Request.
  Time since last request: 0.537884 seconds.
  path: Assets/Standard Assets/ParticleSystems/Materials/ParticleSpark.mat
  artifactKey: Guid(f63c576739a709747a1a571260d4fabd) Importer(815301076,1909f56bfc062723c751e8b465ee728b)
Start importing Assets/Standard Assets/ParticleSystems/Materials/ParticleSpark.mat using Guid(f63c576739a709747a1a571260d4fabd) Importer(815301076,1909f56bfc062723c751e8b465ee728b)  -> (artifact id: '7089740f434591d7660c2ee521b9d394') in 0.013505 seconds 
  Import took 0.016289 seconds .

========================================================================
Received Import Request.
  Time since last request: 0.057651 seconds.
  path: Assets/Prefabs/VFX/Hit Effect VFX.prefab
  artifactKey: Guid(83afb29b9af6d0c4b8d0a8e1defc36cd) Importer(815301076,1909f56bfc062723c751e8b465ee728b)
Start importing Assets/Prefabs/VFX/Hit Effect VFX.prefab using Guid(83afb29b9af6d0c4b8d0a8e1defc36cd) Importer(815301076,1909f56bfc062723c751e8b465ee728b)  -> (artifact id: '8df0a8b0deb272b00ba908a59b5c69fd') in 0.009872 seconds 
  Import took 0.012817 seconds .

========================================================================
Received Import Request.
  Time since last request: 16.621674 seconds.
  path: Assets/Prefabs/VFX/Hit Effect VFX.prefab
  artifactKey: Guid(83afb29b9af6d0c4b8d0a8e1defc36cd) Importer(815301076,1909f56bfc062723c751e8b465ee728b)
Start importing Assets/Prefabs/VFX/Hit Effect VFX.prefab using Guid(83afb29b9af6d0c4b8d0a8e1defc36cd) Importer(815301076,1909f56bfc062723c751e8b465ee728b)  -> (artifact id: '61ba0a75704cab80180b090a3affa1f2') in 0.009592 seconds 
  Import took 0.012752 seconds .

========================================================================
Received Import Request.
  Time since last request: 29.462158 seconds.
  path: Assets/Prefabs/VFX/Hit Effect VFX.prefab
  artifactKey: Guid(83afb29b9af6d0c4b8d0a8e1defc36cd) Importer(815301076,1909f56bfc062723c751e8b465ee728b)
Start importing Assets/Prefabs/VFX/Hit Effect VFX.prefab using Guid(83afb29b9af6d0c4b8d0a8e1defc36cd) Importer(815301076,1909f56bfc062723c751e8b465ee728b)  -> (artifact id: '6515e8f5cd1509ac8e631186f2ff01da') in 0.008903 seconds 
  Import took 0.011567 seconds .

========================================================================
Received Import Request.
  Time since last request: 11.807677 seconds.
  path: Assets/Prefabs/VFX/Hit Effect VFX.prefab
  artifactKey: Guid(83afb29b9af6d0c4b8d0a8e1defc36cd) Importer(815301076,1909f56bfc062723c751e8b465ee728b)
Start importing Assets/Prefabs/VFX/Hit Effect VFX.prefab using Guid(83afb29b9af6d0c4b8d0a8e1defc36cd) Importer(815301076,1909f56bfc062723c751e8b465ee728b)  -> (artifact id: '90062d1b92a4d98b5f42e6cd28903137') in 0.009681 seconds 
  Import took 0.012394 seconds .

========================================================================
Received Import Request.
  Time since last request: 2.619940 seconds.
  path: Assets/Prefabs/VFX/Hit Effect VFX.prefab
  artifactKey: Guid(83afb29b9af6d0c4b8d0a8e1defc36cd) Importer(815301076,1909f56bfc062723c751e8b465ee728b)
Start importing Assets/Prefabs/VFX/Hit Effect VFX.prefab using Guid(83afb29b9af6d0c4b8d0a8e1defc36cd) Importer(815301076,1909f56bfc062723c751e8b465ee728b)  -> (artifact id: 'c36608aa955a70937f3b40e45f90f2d7') in 0.009115 seconds 
  Import took 0.012339 seconds .

========================================================================
Received Import Request.
  Time since last request: 16.245101 seconds.
  path: Assets/Prefabs/VFX/Hit Effect VFX.prefab
  artifactKey: Guid(83afb29b9af6d0c4b8d0a8e1defc36cd) Importer(815301076,1909f56bfc062723c751e8b465ee728b)
Start importing Assets/Prefabs/VFX/Hit Effect VFX.prefab using Guid(83afb29b9af6d0c4b8d0a8e1defc36cd) Importer(815301076,1909f56bfc062723c751e8b465ee728b)  -> (artifact id: 'f315097bd879a939a645bd09a7588772') in 0.008932 seconds 
  Import took 0.012283 seconds .

========================================================================
Received Import Request.
  Time since last request: 17.663158 seconds.
  path: Assets/Prefabs/VFX/Hit Effect VFX.prefab
  artifactKey: Guid(83afb29b9af6d0c4b8d0a8e1defc36cd) Importer(815301076,1909f56bfc062723c751e8b465ee728b)
Start importing Assets/Prefabs/VFX/Hit Effect VFX.prefab using Guid(83afb29b9af6d0c4b8d0a8e1defc36cd) Importer(815301076,1909f56bfc062723c751e8b465ee728b)  -> (artifact id: '36ef702c440bd391074cd6cf595f0232') in 0.011086 seconds 
  Import took 0.014878 seconds .

========================================================================
Received Import Request.
  Time since last request: 65.337023 seconds.
  path: Assets/Prefabs/VFX/Hit Effect VFX.prefab
  artifactKey: Guid(83afb29b9af6d0c4b8d0a8e1defc36cd) Importer(815301076,1909f56bfc062723c751e8b465ee728b)
Start importing Assets/Prefabs/VFX/Hit Effect VFX.prefab using Guid(83afb29b9af6d0c4b8d0a8e1defc36cd) Importer(815301076,1909f56bfc062723c751e8b465ee728b)  -> (artifact id: '1382946f8beb6ca034c13e2483b8e36e') in 0.009999 seconds 
  Import took 0.013461 seconds .

========================================================================
Received Import Request.
  Time since last request: 31.114205 seconds.
  path: Assets/Prefabs/VFX/Hit Effect VFX.prefab
  artifactKey: Guid(83afb29b9af6d0c4b8d0a8e1defc36cd) Importer(815301076,1909f56bfc062723c751e8b465ee728b)
Start importing Assets/Prefabs/VFX/Hit Effect VFX.prefab using Guid(83afb29b9af6d0c4b8d0a8e1defc36cd) Importer(815301076,1909f56bfc062723c751e8b465ee728b)  -> (artifact id: 'b82ea2b7e35ef348f4a574b750d249c2') in 0.010071 seconds 
  Import took 0.013153 seconds .

========================================================================
Received Import Request.
  Time since last request: 40.097092 seconds.
  path: Assets/Prefabs/VFX/Hit Effect VFX.prefab
  artifactKey: Guid(83afb29b9af6d0c4b8d0a8e1defc36cd) Importer(815301076,1909f56bfc062723c751e8b465ee728b)
Start importing Assets/Prefabs/VFX/Hit Effect VFX.prefab using Guid(83afb29b9af6d0c4b8d0a8e1defc36cd) Importer(815301076,1909f56bfc062723c751e8b465ee728b)  -> (artifact id: '52714c8313de7af9901949e1846cc481') in 0.009888 seconds 
  Import took 0.013142 seconds .

========================================================================
Received Import Request.
  Time since last request: 10.477636 seconds.
  path: Assets/Prefabs/VFX/Hit Effect VFX.prefab
  artifactKey: Guid(83afb29b9af6d0c4b8d0a8e1defc36cd) Importer(815301076,1909f56bfc062723c751e8b465ee728b)
Start importing Assets/Prefabs/VFX/Hit Effect VFX.prefab using Guid(83afb29b9af6d0c4b8d0a8e1defc36cd) Importer(815301076,1909f56bfc062723c751e8b465ee728b)  -> (artifact id: 'baad395537ec7ea2d05ecdbf47fe0e61') in 0.008148 seconds 
  Import took 0.011250 seconds .

========================================================================
Received Import Request.
  Time since last request: 51.714578 seconds.
  path: Assets/Standard Assets/ParticleSystems/Prefabs/Explosion.prefab
  artifactKey: Guid(031d08f52af1daa4f929b85221519426) Importer(815301076,1909f56bfc062723c751e8b465ee728b)
Start importing Assets/Standard Assets/ParticleSystems/Prefabs/Explosion.prefab using Guid(031d08f52af1daa4f929b85221519426) Importer(815301076,1909f56bfc062723c751e8b465ee728b)  -> (artifact id: 'cabe2caf66310a0c4b137ffc251428cb') in 0.018104 seconds 
  Import took 0.021742 seconds .

========================================================================
Received Import Request.
  Time since last request: 9.149184 seconds.
  path: Assets/Prefabs/VFX/Fireball.prefab
  artifactKey: Guid(64506d384eedc8d42a3480afffb5ecce) Importer(815301076,1909f56bfc062723c751e8b465ee728b)
Start importing Assets/Prefabs/VFX/Fireball.prefab using Guid(64506d384eedc8d42a3480afffb5ecce) Importer(815301076,1909f56bfc062723c751e8b465ee728b)  -> (artifact id: 'c3aec61f94b8d6100e80756fe29d7590') in 0.011680 seconds 
  Import took 0.014366 seconds .

========================================================================
Received Import Request.
  Time since last request: 22.490536 seconds.
  path: Assets/Prefabs/VFX/Hit Effect VFX.prefab
  artifactKey: Guid(83afb29b9af6d0c4b8d0a8e1defc36cd) Importer(815301076,1909f56bfc062723c751e8b465ee728b)
Start importing Assets/Prefabs/VFX/Hit Effect VFX.prefab using Guid(83afb29b9af6d0c4b8d0a8e1defc36cd) Importer(815301076,1909f56bfc062723c751e8b465ee728b)  -> (artifact id: '28056292a382d5bef73d599b239150ba') in 0.012989 seconds 
  Import took 0.016140 seconds .

========================================================================
Received Import Request.
  Time since last request: 7.286692 seconds.
  path: Assets/Prefabs/VFX/Fireball 1.prefab
  artifactKey: Guid(a1df3ab9f0bb24a42bcc0bd71662d3c8) Importer(815301076,1909f56bfc062723c751e8b465ee728b)
Start importing Assets/Prefabs/VFX/Fireball 1.prefab using Guid(a1df3ab9f0bb24a42bcc0bd71662d3c8) Importer(815301076,1909f56bfc062723c751e8b465ee728b)  -> (artifact id: '78e302c5581e5769b52426d7c2fa3967') in 0.012274 seconds 
  Import took 0.015172 seconds .

========================================================================
Received Import Request.
  Time since last request: 0.000154 seconds.
  path: Assets/Prefabs/VFX/Hit Effect VFX.prefab
  artifactKey: Guid(83afb29b9af6d0c4b8d0a8e1defc36cd) Importer(815301076,1909f56bfc062723c751e8b465ee728b)
Start importing Assets/Prefabs/VFX/Hit Effect VFX.prefab using Guid(83afb29b9af6d0c4b8d0a8e1defc36cd) Importer(815301076,1909f56bfc062723c751e8b465ee728b)  -> (artifact id: '769dd6d84ae281243a9616dc9517ed04') in 0.011529 seconds 
  Import took 0.014047 seconds .

========================================================================
Received Import Request.
  Time since last request: 15.458313 seconds.
  path: Assets/Prefabs/VFX/Hit Effect VFX.prefab
  artifactKey: Guid(83afb29b9af6d0c4b8d0a8e1defc36cd) Importer(815301076,1909f56bfc062723c751e8b465ee728b)
Start importing Assets/Prefabs/VFX/Hit Effect VFX.prefab using Guid(83afb29b9af6d0c4b8d0a8e1defc36cd) Importer(815301076,1909f56bfc062723c751e8b465ee728b)  -> (artifact id: '9d4bebe71ead59c79f7b56a3f348c610') in 0.009728 seconds 
  Import took 0.012810 seconds .

========================================================================
Received Import Request.
  Time since last request: 17.087679 seconds.
  path: Assets/Standard Assets/ParticleSystems/Prefabs/Explosion.prefab
  artifactKey: Guid(031d08f52af1daa4f929b85221519426) Importer(815301076,1909f56bfc062723c751e8b465ee728b)
Start importing Assets/Standard Assets/ParticleSystems/Prefabs/Explosion.prefab using Guid(031d08f52af1daa4f929b85221519426) Importer(815301076,1909f56bfc062723c751e8b465ee728b)  -> (artifact id: 'e2c7b6e2bbdc9c2622621c7c83ff6602') in 0.011976 seconds 
  Import took 0.015512 seconds .

========================================================================
Received Import Request.
  Time since last request: 16.364089 seconds.
  path: Assets/Standard Assets/ParticleSystems/Prefabs/Explosion.prefab
  artifactKey: Guid(031d08f52af1daa4f929b85221519426) Importer(815301076,1909f56bfc062723c751e8b465ee728b)
Start importing Assets/Standard Assets/ParticleSystems/Prefabs/Explosion.prefab using Guid(031d08f52af1daa4f929b85221519426) Importer(815301076,1909f56bfc062723c751e8b465ee728b)  -> (artifact id: 'd298784fb195898f51e00c763fed052f') in 0.011835 seconds 
  Import took 0.016469 seconds .

========================================================================
Received Import Request.
  Time since last request: 8.851519 seconds.
  path: Assets/Standard Assets/ParticleSystems/Prefabs/Explosion.prefab
  artifactKey: Guid(031d08f52af1daa4f929b85221519426) Importer(815301076,1909f56bfc062723c751e8b465ee728b)
Start importing Assets/Standard Assets/ParticleSystems/Prefabs/Explosion.prefab using Guid(031d08f52af1daa4f929b85221519426) Importer(815301076,1909f56bfc062723c751e8b465ee728b)  -> (artifact id: '9e80b5d666b4e6158d55292aa1b5945a') in 0.013354 seconds 
  Import took 0.016407 seconds .

========================================================================
Received Import Request.
  Time since last request: 35.362263 seconds.
  path: Assets/Prefabs/VFX/Hit Effect VFX.prefab
  artifactKey: Guid(83afb29b9af6d0c4b8d0a8e1defc36cd) Importer(815301076,1909f56bfc062723c751e8b465ee728b)
Start importing Assets/Prefabs/VFX/Hit Effect VFX.prefab using Guid(83afb29b9af6d0c4b8d0a8e1defc36cd) Importer(815301076,1909f56bfc062723c751e8b465ee728b)  -> (artifact id: '16e892edc51f56b8307ea73e0d4f2515') in 0.012697 seconds 
  Import took 0.016207 seconds .

========================================================================
Received Import Request.
  Time since last request: 15.933132 seconds.
  path: Assets/Prefabs/VFX/Hit Effect VFX.prefab
  artifactKey: Guid(83afb29b9af6d0c4b8d0a8e1defc36cd) Importer(815301076,1909f56bfc062723c751e8b465ee728b)
Start importing Assets/Prefabs/VFX/Hit Effect VFX.prefab using Guid(83afb29b9af6d0c4b8d0a8e1defc36cd) Importer(815301076,1909f56bfc062723c751e8b465ee728b)  -> (artifact id: 'fa1f1c573c071621a3730a3efd04ec5c') in 0.009741 seconds 
  Import took 0.012739 seconds .

========================================================================
Received Import Request.
  Time since last request: 8.535273 seconds.
  path: Assets/Prefabs/VFX/Hit Effect VFX.prefab
  artifactKey: Guid(83afb29b9af6d0c4b8d0a8e1defc36cd) Importer(815301076,1909f56bfc062723c751e8b465ee728b)
Start importing Assets/Prefabs/VFX/Hit Effect VFX.prefab using Guid(83afb29b9af6d0c4b8d0a8e1defc36cd) Importer(815301076,1909f56bfc062723c751e8b465ee728b)  -> (artifact id: '8408955de03e07e4571e83bb569c442e') in 0.008261 seconds 
  Import took 0.011186 seconds .

========================================================================
Received Import Request.
  Time since last request: 27.614714 seconds.
  path: Assets/Scripts/Weapon.cs
  artifactKey: Guid(4f2f7c2a8a507cb45a3fa09a074e3659) Importer(815301076,1909f56bfc062723c751e8b465ee728b)
Start importing Assets/Scripts/Weapon.cs using Guid(4f2f7c2a8a507cb45a3fa09a074e3659) Importer(815301076,1909f56bfc062723c751e8b465ee728b)  -> (artifact id: '4d5bd53387623222647ff2bd58c1e922') in 0.008321 seconds 
  Import took 0.011118 seconds .

========================================================================
Received Import Request.
  Time since last request: 681.838179 seconds.
  path: Assets/Scripts/Weapon.cs
  artifactKey: Guid(4f2f7c2a8a507cb45a3fa09a074e3659) Importer(815301076,1909f56bfc062723c751e8b465ee728b)
Start importing Assets/Scripts/Weapon.cs using Guid(4f2f7c2a8a507cb45a3fa09a074e3659) Importer(815301076,1909f56bfc062723c751e8b465ee728b)  -> (artifact id: 'd54dc36e233d84c3f173b72f0dbfd1ef') in 0.002502 seconds 
  Import took 0.005589 seconds .

========================================================================
Received Prepare
Registering precompiled user dll's ...
Registered in 0.002623 seconds.
Begin MonoManager ReloadAssembly
Native extension for WindowsStandalone target not found
Native extension for WebGL target not found
Refreshing native plugins compatible for Editor in 0.39 ms, found 2 plugins.
Preloading 0 native plugins for Editor in 0.00 ms.
Mono: successfully reloaded assembly
- Completed reload, in  0.687 seconds
Domain Reload Profiling:
	ReloadAssembly (687ms)
		BeginReloadAssembly (102ms)
			ExecutionOrderSort (0ms)
			DisableScriptedObjects (3ms)
			BackupInstance (0ms)
			ReleaseScriptingObjects (0ms)
			CreateAndSetChildDomain (33ms)
		EndReloadAssembly (543ms)
			LoadAssemblies (61ms)
			RebuildTransferFunctionScriptingTraits (0ms)
			SetupTypeCache (192ms)
			ReleaseScriptCaches (1ms)
			RebuildScriptCaches (25ms)
			SetupLoadedEditorAssemblies (202ms)
				LogAssemblyErrors (0ms)
				InitializePlatformSupportModulesInManaged (4ms)
				SetLoadedEditorAssemblies (0ms)
				RefreshPlugins (0ms)
				BeforeProcessingInitializeOnLoad (51ms)
				ProcessInitializeOnLoadAttributes (137ms)
				ProcessInitializeOnLoadMethodAttributes (5ms)
				AfterProcessingInitializeOnLoad (3ms)
				EditorAssembliesLoaded (0ms)
			ExecutionOrderSort2 (0ms)
			AwakeInstancesAfterBackupRestoration (5ms)
Platform modules already initialized, skipping
Refreshing native plugins compatible for Editor in 0.42 ms, found 2 plugins.
Preloading 0 native plugins for Editor in 0.00 ms.
Unloading 1564 Unused Serialized files (Serialized files now loaded: 0)
System memory in use before: 81.0 MB.
System memory in use after: 80.7 MB.

Unloading 18 unused Assets to reduce memory usage. Loaded Objects now: 2071.
Total: 2.747800 ms (FindLiveObjects: 0.152800 ms CreateObjectMapping: 0.031200 ms MarkObjects: 2.219600 ms  DeleteObjects: 0.343300 ms)

AssetImportParameters requested are different than current active one (requested -> active):
  custom:framework-win-MediaFoundation: 216162199b28c13a410421893ffa2e32 -> 
  custom:video-decoder-ogg-theora: a1e56fd34408186e4bbccfd4996cb3dc -> 
  custom:container-muxer-webm: aa71ff27fc2769a1b78a27578f13a17b -> 
  custom:container-demuxer-webm: 4f35f7cbe854078d1ac9338744f61a02 -> 
  custom:container-demuxer-ogg: 62fdf1f143b41e24485cea50d1cbac27 -> 
  custom:video-encoder-webm-vp8: eb34c28f22e8b96e1ab97ce403110664 -> 
  custom:video-decoder-webm-vp8: 9c59270c3fd7afecdb556c50c9e8de78 -> 
  custom:audio-decoder-ogg-vorbis: bf7c407c2cedff20999df2af8eb42d56 -> 
  custom:audio-encoder-webm-vorbis: bf7c407c2cedff20999df2af8eb42d56 -> 
========================================================================
Received Prepare
Registering precompiled user dll's ...
Registered in 0.002674 seconds.
Begin MonoManager ReloadAssembly
Native extension for WindowsStandalone target not found
Native extension for WebGL target not found
Refreshing native plugins compatible for Editor in 0.57 ms, found 2 plugins.
Preloading 0 native plugins for Editor in 0.00 ms.
Mono: successfully reloaded assembly
- Completed reload, in  0.807 seconds
Domain Reload Profiling:
	ReloadAssembly (808ms)
		BeginReloadAssembly (83ms)
			ExecutionOrderSort (0ms)
			DisableScriptedObjects (3ms)
			BackupInstance (0ms)
			ReleaseScriptingObjects (0ms)
			CreateAndSetChildDomain (27ms)
		EndReloadAssembly (682ms)
			LoadAssemblies (57ms)
			RebuildTransferFunctionScriptingTraits (0ms)
			SetupTypeCache (231ms)
			ReleaseScriptCaches (1ms)
			RebuildScriptCaches (35ms)
			SetupLoadedEditorAssemblies (273ms)
				LogAssemblyErrors (0ms)
				InitializePlatformSupportModulesInManaged (7ms)
				SetLoadedEditorAssemblies (0ms)
				RefreshPlugins (1ms)
				BeforeProcessingInitializeOnLoad (69ms)
				ProcessInitializeOnLoadAttributes (184ms)
				ProcessInitializeOnLoadMethodAttributes (8ms)
				AfterProcessingInitializeOnLoad (4ms)
				EditorAssembliesLoaded (0ms)
			ExecutionOrderSort2 (0ms)
			AwakeInstancesAfterBackupRestoration (7ms)
Platform modules already initialized, skipping
Refreshing native plugins compatible for Editor in 0.38 ms, found 2 plugins.
Preloading 0 native plugins for Editor in 0.00 ms.
Unloading 1564 Unused Serialized files (Serialized files now loaded: 0)
System memory in use before: 81.0 MB.
System memory in use after: 80.7 MB.

Unloading 16 unused Assets to reduce memory usage. Loaded Objects now: 2073.
Total: 2.646400 ms (FindLiveObjects: 0.145900 ms CreateObjectMapping: 0.032500 ms MarkObjects: 2.217700 ms  DeleteObjects: 0.248800 ms)

AssetImportParameters requested are different than current active one (requested -> active):
  custom:framework-win-MediaFoundation: 216162199b28c13a410421893ffa2e32 -> 
  custom:video-decoder-ogg-theora: a1e56fd34408186e4bbccfd4996cb3dc -> 
  custom:container-muxer-webm: aa71ff27fc2769a1b78a27578f13a17b -> 
  custom:container-demuxer-webm: 4f35f7cbe854078d1ac9338744f61a02 -> 
  custom:container-demuxer-ogg: 62fdf1f143b41e24485cea50d1cbac27 -> 
  custom:video-encoder-webm-vp8: eb34c28f22e8b96e1ab97ce403110664 -> 
  custom:video-decoder-webm-vp8: 9c59270c3fd7afecdb556c50c9e8de78 -> 
  custom:audio-decoder-ogg-vorbis: bf7c407c2cedff20999df2af8eb42d56 -> 
  custom:audio-encoder-webm-vorbis: bf7c407c2cedff20999df2af8eb42d56 -> 
========================================================================
Received Prepare
Registering precompiled user dll's ...
Registered in 0.002687 seconds.
Begin MonoManager ReloadAssembly
Native extension for WindowsStandalone target not found
Native extension for WebGL target not found
Refreshing native plugins compatible for Editor in 0.63 ms, found 2 plugins.
Preloading 0 native plugins for Editor in 0.00 ms.
Mono: successfully reloaded assembly
- Completed reload, in  0.675 seconds
Domain Reload Profiling:
	ReloadAssembly (675ms)
		BeginReloadAssembly (80ms)
			ExecutionOrderSort (0ms)
			DisableScriptedObjects (3ms)
			BackupInstance (0ms)
			ReleaseScriptingObjects (0ms)
			CreateAndSetChildDomain (26ms)
		EndReloadAssembly (554ms)
			LoadAssemblies (55ms)
			RebuildTransferFunctionScriptingTraits (0ms)
			SetupTypeCache (188ms)
			ReleaseScriptCaches (1ms)
			RebuildScriptCaches (34ms)
			SetupLoadedEditorAssemblies (208ms)
				LogAssemblyErrors (0ms)
				InitializePlatformSupportModulesInManaged (5ms)
				SetLoadedEditorAssemblies (0ms)
				RefreshPlugins (1ms)
				BeforeProcessingInitializeOnLoad (60ms)
				ProcessInitializeOnLoadAttributes (133ms)
				ProcessInitializeOnLoadMethodAttributes (5ms)
				AfterProcessingInitializeOnLoad (3ms)
				EditorAssembliesLoaded (0ms)
			ExecutionOrderSort2 (0ms)
			AwakeInstancesAfterBackupRestoration (5ms)
Platform modules already initialized, skipping
Refreshing native plugins compatible for Editor in 0.45 ms, found 2 plugins.
Preloading 0 native plugins for Editor in 0.00 ms.
Unloading 1564 Unused Serialized files (Serialized files now loaded: 0)
System memory in use before: 81.0 MB.
System memory in use after: 80.8 MB.

Unloading 16 unused Assets to reduce memory usage. Loaded Objects now: 2075.
Total: 2.585400 ms (FindLiveObjects: 0.140900 ms CreateObjectMapping: 0.038300 ms MarkObjects: 2.152800 ms  DeleteObjects: 0.252500 ms)

AssetImportParameters requested are different than current active one (requested -> active):
  custom:framework-win-MediaFoundation: 216162199b28c13a410421893ffa2e32 -> 
  custom:video-decoder-ogg-theora: a1e56fd34408186e4bbccfd4996cb3dc -> 
  custom:container-muxer-webm: aa71ff27fc2769a1b78a27578f13a17b -> 
  custom:container-demuxer-webm: 4f35f7cbe854078d1ac9338744f61a02 -> 
  custom:container-demuxer-ogg: 62fdf1f143b41e24485cea50d1cbac27 -> 
  custom:video-encoder-webm-vp8: eb34c28f22e8b96e1ab97ce403110664 -> 
  custom:video-decoder-webm-vp8: 9c59270c3fd7afecdb556c50c9e8de78 -> 
  custom:audio-decoder-ogg-vorbis: bf7c407c2cedff20999df2af8eb42d56 -> 
  custom:audio-encoder-webm-vorbis: bf7c407c2cedff20999df2af8eb42d56 -> 
========================================================================
Received Prepare
Registering precompiled user dll's ...
Registered in 0.003287 seconds.
Begin MonoManager ReloadAssembly
Native extension for WindowsStandalone target not found
Native extension for WebGL target not found
Refreshing native plugins compatible for Editor in 0.45 ms, found 2 plugins.
Preloading 0 native plugins for Editor in 0.00 ms.
Mono: successfully reloaded assembly
- Completed reload, in  0.681 seconds
Domain Reload Profiling:
	ReloadAssembly (681ms)
		BeginReloadAssembly (85ms)
			ExecutionOrderSort (0ms)
			DisableScriptedObjects (3ms)
			BackupInstance (0ms)
			ReleaseScriptingObjects (0ms)
			CreateAndSetChildDomain (26ms)
		EndReloadAssembly (553ms)
			LoadAssemblies (61ms)
			RebuildTransferFunctionScriptingTraits (0ms)
			SetupTypeCache (191ms)
			ReleaseScriptCaches (1ms)
			RebuildScriptCaches (25ms)
			SetupLoadedEditorAssemblies (213ms)
				LogAssemblyErrors (0ms)
				InitializePlatformSupportModulesInManaged (5ms)
				SetLoadedEditorAssemblies (0ms)
				RefreshPlugins (1ms)
				BeforeProcessingInitializeOnLoad (59ms)
				ProcessInitializeOnLoadAttributes (139ms)
				ProcessInitializeOnLoadMethodAttributes (5ms)
				AfterProcessingInitializeOnLoad (3ms)
				EditorAssembliesLoaded (0ms)
			ExecutionOrderSort2 (0ms)
			AwakeInstancesAfterBackupRestoration (5ms)
Platform modules already initialized, skipping
Refreshing native plugins compatible for Editor in 0.44 ms, found 2 plugins.
Preloading 0 native plugins for Editor in 0.00 ms.
Unloading 1564 Unused Serialized files (Serialized files now loaded: 0)
System memory in use before: 81.0 MB.
System memory in use after: 80.8 MB.

Unloading 16 unused Assets to reduce memory usage. Loaded Objects now: 2077.
Total: 2.771700 ms (FindLiveObjects: 0.140900 ms CreateObjectMapping: 0.030700 ms MarkObjects: 2.342500 ms  DeleteObjects: 0.256600 ms)

AssetImportParameters requested are different than current active one (requested -> active):
  custom:framework-win-MediaFoundation: 216162199b28c13a410421893ffa2e32 -> 
  custom:video-decoder-ogg-theora: a1e56fd34408186e4bbccfd4996cb3dc -> 
  custom:container-muxer-webm: aa71ff27fc2769a1b78a27578f13a17b -> 
  custom:container-demuxer-webm: 4f35f7cbe854078d1ac9338744f61a02 -> 
  custom:container-demuxer-ogg: 62fdf1f143b41e24485cea50d1cbac27 -> 
  custom:video-encoder-webm-vp8: eb34c28f22e8b96e1ab97ce403110664 -> 
  custom:video-decoder-webm-vp8: 9c59270c3fd7afecdb556c50c9e8de78 -> 
  custom:audio-decoder-ogg-vorbis: bf7c407c2cedff20999df2af8eb42d56 -> 
  custom:audio-encoder-webm-vorbis: bf7c407c2cedff20999df2af8eb42d56 -> 
========================================================================
Received Import Request.
  Time since last request: 1709.537695 seconds.
  path: Assets/Animations
  artifactKey: Guid(14c0709295484d646bd43b7e504fa1ac) Importer(815301076,1909f56bfc062723c751e8b465ee728b)
Start importing Assets/Animations using Guid(14c0709295484d646bd43b7e504fa1ac) Importer(815301076,1909f56bfc062723c751e8b465ee728b)  -> (artifact id: '57f28bc095f08746ee0118a49c884a75') in 0.009652 seconds 
  Import took 0.012245 seconds .

========================================================================
Received Import Request.
  Time since last request: 36.188598 seconds.
  path: Assets/Animations/New Animator Controller.controller
  artifactKey: Guid(a0a5974346356d845893b26a31c3ce9b) Importer(815301076,1909f56bfc062723c751e8b465ee728b)
Start importing Assets/Animations/New Animator Controller.controller using Guid(a0a5974346356d845893b26a31c3ce9b) Importer(815301076,1909f56bfc062723c751e8b465ee728b)  -> (artifact id: '71ba66d0cc547b3e2e73333e5d7b0733') in 0.029178 seconds 
  Import took 0.031933 seconds .

========================================================================
Received Import Request.
  Time since last request: 4.109460 seconds.
  path: Assets/Animations/Enemy.controller
  artifactKey: Guid(a0a5974346356d845893b26a31c3ce9b) Importer(815301076,1909f56bfc062723c751e8b465ee728b)
Start importing Assets/Animations/Enemy.controller using Guid(a0a5974346356d845893b26a31c3ce9b) Importer(815301076,1909f56bfc062723c751e8b465ee728b)  -> (artifact id: 'ae3c563a6184ad3f0967e4bf7eb06519') in 0.007210 seconds 
  Import took 0.009964 seconds .

========================================================================
Received Prepare
Registering precompiled user dll's ...
Registered in 0.002390 seconds.
Begin MonoManager ReloadAssembly
Native extension for WindowsStandalone target not found
Native extension for WebGL target not found
Refreshing native plugins compatible for Editor in 0.42 ms, found 2 plugins.
Preloading 0 native plugins for Editor in 0.00 ms.
Mono: successfully reloaded assembly
- Completed reload, in  0.662 seconds
Domain Reload Profiling:
	ReloadAssembly (662ms)
		BeginReloadAssembly (87ms)
			ExecutionOrderSort (0ms)
			DisableScriptedObjects (3ms)
			BackupInstance (0ms)
			ReleaseScriptingObjects (0ms)
			CreateAndSetChildDomain (33ms)
		EndReloadAssembly (534ms)
			LoadAssemblies (58ms)
			RebuildTransferFunctionScriptingTraits (0ms)
			SetupTypeCache (187ms)
			ReleaseScriptCaches (1ms)
			RebuildScriptCaches (24ms)
			SetupLoadedEditorAssemblies (200ms)
				LogAssemblyErrors (0ms)
				InitializePlatformSupportModulesInManaged (5ms)
				SetLoadedEditorAssemblies (0ms)
				RefreshPlugins (0ms)
				BeforeProcessingInitializeOnLoad (51ms)
				ProcessInitializeOnLoadAttributes (134ms)
				ProcessInitializeOnLoadMethodAttributes (6ms)
				AfterProcessingInitializeOnLoad (4ms)
				EditorAssembliesLoaded (0ms)
			ExecutionOrderSort2 (0ms)
			AwakeInstancesAfterBackupRestoration (5ms)
Platform modules already initialized, skipping
Refreshing native plugins compatible for Editor in 0.38 ms, found 2 plugins.
Preloading 0 native plugins for Editor in 0.00 ms.
Unloading 1564 Unused Serialized files (Serialized files now loaded: 0)
System memory in use before: 81.0 MB.
System memory in use after: 80.8 MB.

Unloading 16 unused Assets to reduce memory usage. Loaded Objects now: 2079.
Total: 2.820000 ms (FindLiveObjects: 0.164600 ms CreateObjectMapping: 0.036500 ms MarkObjects: 2.339300 ms  DeleteObjects: 0.278600 ms)

AssetImportParameters requested are different than current active one (requested -> active):
  custom:framework-win-MediaFoundation: 216162199b28c13a410421893ffa2e32 -> 
  custom:video-decoder-ogg-theora: a1e56fd34408186e4bbccfd4996cb3dc -> 
  custom:container-muxer-webm: aa71ff27fc2769a1b78a27578f13a17b -> 
  custom:container-demuxer-webm: 4f35f7cbe854078d1ac9338744f61a02 -> 
  custom:container-demuxer-ogg: 62fdf1f143b41e24485cea50d1cbac27 -> 
  custom:video-encoder-webm-vp8: eb34c28f22e8b96e1ab97ce403110664 -> 
  custom:video-decoder-webm-vp8: 9c59270c3fd7afecdb556c50c9e8de78 -> 
  custom:audio-decoder-ogg-vorbis: bf7c407c2cedff20999df2af8eb42d56 -> 
  custom:audio-encoder-webm-vorbis: bf7c407c2cedff20999df2af8eb42d56 -> 
========================================================================
Received Prepare
Registering precompiled user dll's ...
Registered in 0.004088 seconds.
Begin MonoManager ReloadAssembly
Native extension for WindowsStandalone target not found
Native extension for WebGL target not found
Refreshing native plugins compatible for Editor in 0.40 ms, found 2 plugins.
Preloading 0 native plugins for Editor in 0.00 ms.
Mono: successfully reloaded assembly
- Completed reload, in  0.691 seconds
Domain Reload Profiling:
	ReloadAssembly (691ms)
		BeginReloadAssembly (108ms)
			ExecutionOrderSort (0ms)
			DisableScriptedObjects (4ms)
			BackupInstance (0ms)
			ReleaseScriptingObjects (0ms)
			CreateAndSetChildDomain (38ms)
		EndReloadAssembly (540ms)
			LoadAssemblies (64ms)
			RebuildTransferFunctionScriptingTraits (0ms)
			SetupTypeCache (191ms)
			ReleaseScriptCaches (1ms)
			RebuildScriptCaches (24ms)
			SetupLoadedEditorAssemblies (203ms)
				LogAssemblyErrors (0ms)
				InitializePlatformSupportModulesInManaged (5ms)
				SetLoadedEditorAssemblies (0ms)
				RefreshPlugins (0ms)
				BeforeProcessingInitializeOnLoad (53ms)
				ProcessInitializeOnLoadAttributes (135ms)
				ProcessInitializeOnLoadMethodAttributes (5ms)
				AfterProcessingInitializeOnLoad (3ms)
				EditorAssembliesLoaded (0ms)
			ExecutionOrderSort2 (0ms)
			AwakeInstancesAfterBackupRestoration (5ms)
Platform modules already initialized, skipping
Refreshing native plugins compatible for Editor in 0.38 ms, found 2 plugins.
Preloading 0 native plugins for Editor in 0.00 ms.
Unloading 1564 Unused Serialized files (Serialized files now loaded: 0)
System memory in use before: 81.1 MB.
System memory in use after: 80.8 MB.

Unloading 16 unused Assets to reduce memory usage. Loaded Objects now: 2081.
Total: 2.687300 ms (FindLiveObjects: 0.150500 ms CreateObjectMapping: 0.038300 ms MarkObjects: 2.234900 ms  DeleteObjects: 0.262700 ms)

AssetImportParameters requested are different than current active one (requested -> active):
  custom:framework-win-MediaFoundation: 216162199b28c13a410421893ffa2e32 -> 
  custom:video-decoder-ogg-theora: a1e56fd34408186e4bbccfd4996cb3dc -> 
  custom:container-muxer-webm: aa71ff27fc2769a1b78a27578f13a17b -> 
  custom:container-demuxer-webm: 4f35f7cbe854078d1ac9338744f61a02 -> 
  custom:container-demuxer-ogg: 62fdf1f143b41e24485cea50d1cbac27 -> 
  custom:video-encoder-webm-vp8: eb34c28f22e8b96e1ab97ce403110664 -> 
  custom:video-decoder-webm-vp8: 9c59270c3fd7afecdb556c50c9e8de78 -> 
  custom:audio-decoder-ogg-vorbis: bf7c407c2cedff20999df2af8eb42d56 -> 
  custom:audio-encoder-webm-vorbis: bf7c407c2cedff20999df2af8eb42d56 -> 
========================================================================
Received Prepare
Registering precompiled user dll's ...
Registered in 0.002690 seconds.
Begin MonoManager ReloadAssembly
Native extension for WindowsStandalone target not found
Native extension for WebGL target not found
Refreshing native plugins compatible for Editor in 0.38 ms, found 2 plugins.
Preloading 0 native plugins for Editor in 0.00 ms.
Mono: successfully reloaded assembly
- Completed reload, in  0.673 seconds
Domain Reload Profiling:
	ReloadAssembly (674ms)
		BeginReloadAssembly (86ms)
			ExecutionOrderSort (0ms)
			DisableScriptedObjects (3ms)
			BackupInstance (0ms)
			ReleaseScriptingObjects (0ms)
			CreateAndSetChildDomain (24ms)
		EndReloadAssembly (546ms)
			LoadAssemblies (58ms)
			RebuildTransferFunctionScriptingTraits (0ms)
			SetupTypeCache (173ms)
			ReleaseScriptCaches (1ms)
			RebuildScriptCaches (25ms)
			SetupLoadedEditorAssemblies (225ms)
				LogAssemblyErrors (0ms)
				InitializePlatformSupportModulesInManaged (4ms)
				SetLoadedEditorAssemblies (0ms)
				RefreshPlugins (0ms)
				BeforeProcessingInitializeOnLoad (50ms)
				ProcessInitializeOnLoadAttributes (158ms)
				ProcessInitializeOnLoadMethodAttributes (7ms)
				AfterProcessingInitializeOnLoad (4ms)
				EditorAssembliesLoaded (0ms)
			ExecutionOrderSort2 (0ms)
			AwakeInstancesAfterBackupRestoration (6ms)
Platform modules already initialized, skipping
Refreshing native plugins compatible for Editor in 0.90 ms, found 2 plugins.
Preloading 0 native plugins for Editor in 0.00 ms.
Unloading 1564 Unused Serialized files (Serialized files now loaded: 0)
System memory in use before: 81.1 MB.
System memory in use after: 80.8 MB.

Unloading 16 unused Assets to reduce memory usage. Loaded Objects now: 2083.
Total: 2.824900 ms (FindLiveObjects: 0.291100 ms CreateObjectMapping: 0.032000 ms MarkObjects: 2.223800 ms  DeleteObjects: 0.276100 ms)

AssetImportParameters requested are different than current active one (requested -> active):
  custom:framework-win-MediaFoundation: 216162199b28c13a410421893ffa2e32 -> 
  custom:video-decoder-ogg-theora: a1e56fd34408186e4bbccfd4996cb3dc -> 
  custom:container-muxer-webm: aa71ff27fc2769a1b78a27578f13a17b -> 
  custom:container-demuxer-webm: 4f35f7cbe854078d1ac9338744f61a02 -> 
  custom:container-demuxer-ogg: 62fdf1f143b41e24485cea50d1cbac27 -> 
  custom:video-encoder-webm-vp8: eb34c28f22e8b96e1ab97ce403110664 -> 
  custom:video-decoder-webm-vp8: 9c59270c3fd7afecdb556c50c9e8de78 -> 
  custom:audio-decoder-ogg-vorbis: bf7c407c2cedff20999df2af8eb42d56 -> 
  custom:audio-encoder-webm-vorbis: bf7c407c2cedff20999df2af8eb42d56 -> 
========================================================================
Received Prepare
Registering precompiled user dll's ...
Registered in 0.003184 seconds.
Begin MonoManager ReloadAssembly
Native extension for WindowsStandalone target not found
Native extension for WebGL target not found
Refreshing native plugins compatible for Editor in 0.45 ms, found 2 plugins.
Preloading 0 native plugins for Editor in 0.00 ms.
Mono: successfully reloaded assembly
- Completed reload, in  0.780 seconds
Domain Reload Profiling:
	ReloadAssembly (781ms)
		BeginReloadAssembly (113ms)
			ExecutionOrderSort (0ms)
			DisableScriptedObjects (4ms)
			BackupInstance (0ms)
			ReleaseScriptingObjects (0ms)
			CreateAndSetChildDomain (36ms)
		EndReloadAssembly (619ms)
			LoadAssemblies (74ms)
			RebuildTransferFunctionScriptingTraits (0ms)
			SetupTypeCache (223ms)
			ReleaseScriptCaches (1ms)
			RebuildScriptCaches (29ms)
			SetupLoadedEditorAssemblies (227ms)
				LogAssemblyErrors (0ms)
				InitializePlatformSupportModulesInManaged (5ms)
				SetLoadedEditorAssemblies (0ms)
				RefreshPlugins (0ms)
				BeforeProcessingInitializeOnLoad (57ms)
				ProcessInitializeOnLoadAttributes (155ms)
				ProcessInitializeOnLoadMethodAttributes (6ms)
				AfterProcessingInitializeOnLoad (4ms)
				EditorAssembliesLoaded (0ms)
			ExecutionOrderSort2 (0ms)
			AwakeInstancesAfterBackupRestoration (5ms)
Platform modules already initialized, skipping
Refreshing native plugins compatible for Editor in 0.80 ms, found 2 plugins.
Preloading 0 native plugins for Editor in 0.00 ms.
Unloading 1564 Unused Serialized files (Serialized files now loaded: 0)
System memory in use before: 81.1 MB.
System memory in use after: 80.8 MB.

Unloading 16 unused Assets to reduce memory usage. Loaded Objects now: 2085.
Total: 2.988600 ms (FindLiveObjects: 0.174000 ms CreateObjectMapping: 0.035000 ms MarkObjects: 2.428900 ms  DeleteObjects: 0.349200 ms)

AssetImportParameters requested are different than current active one (requested -> active):
  custom:framework-win-MediaFoundation: 216162199b28c13a410421893ffa2e32 -> 
  custom:video-decoder-ogg-theora: a1e56fd34408186e4bbccfd4996cb3dc -> 
  custom:container-muxer-webm: aa71ff27fc2769a1b78a27578f13a17b -> 
  custom:container-demuxer-webm: 4f35f7cbe854078d1ac9338744f61a02 -> 
  custom:container-demuxer-ogg: 62fdf1f143b41e24485cea50d1cbac27 -> 
  custom:video-encoder-webm-vp8: eb34c28f22e8b96e1ab97ce403110664 -> 
  custom:video-decoder-webm-vp8: 9c59270c3fd7afecdb556c50c9e8de78 -> 
  custom:audio-decoder-ogg-vorbis: bf7c407c2cedff20999df2af8eb42d56 -> 
  custom:audio-encoder-webm-vorbis: bf7c407c2cedff20999df2af8eb42d56 -> 
========================================================================
Received Import Request.
  Time since last request: 1388.890853 seconds.
  path: Assets/Animations/New Animation.anim
  artifactKey: Guid(f00489d09fac8c34886fd0475eee722a) Importer(815301076,1909f56bfc062723c751e8b465ee728b)
Start importing Assets/Animations/New Animation.anim using Guid(f00489d09fac8c34886fd0475eee722a) Importer(815301076,1909f56bfc062723c751e8b465ee728b)  -> (artifact id: '78e8f709fd2d796f402f2feaccd68d58') in 0.026709 seconds 
  Import took 0.029407 seconds .

========================================================================
Received Import Request.
  Time since last request: 12.546088 seconds.
  path: Assets/Animations/Test Animation.anim
  artifactKey: Guid(f00489d09fac8c34886fd0475eee722a) Importer(815301076,1909f56bfc062723c751e8b465ee728b)
Start importing Assets/Animations/Test Animation.anim using Guid(f00489d09fac8c34886fd0475eee722a) Importer(815301076,1909f56bfc062723c751e8b465ee728b)  -> (artifact id: '1d1a6d47ba865f2c2e8873d0e7868e2d') in 0.007757 seconds 
  Import took 0.010312 seconds .

========================================================================
Received Prepare
Registering precompiled user dll's ...
Registered in 0.004655 seconds.
Begin MonoManager ReloadAssembly
Native extension for WindowsStandalone target not found
Native extension for WebGL target not found
Refreshing native plugins compatible for Editor in 0.61 ms, found 2 plugins.
Preloading 0 native plugins for Editor in 0.00 ms.
Mono: successfully reloaded assembly
- Completed reload, in  0.741 seconds
Domain Reload Profiling:
	ReloadAssembly (741ms)
		BeginReloadAssembly (120ms)
			ExecutionOrderSort (0ms)
			DisableScriptedObjects (5ms)
			BackupInstance (0ms)
			ReleaseScriptingObjects (0ms)
			CreateAndSetChildDomain (51ms)
		EndReloadAssembly (568ms)
			LoadAssemblies (67ms)
			RebuildTransferFunctionScriptingTraits (0ms)
			SetupTypeCache (206ms)
			ReleaseScriptCaches (1ms)
			RebuildScriptCaches (27ms)
			SetupLoadedEditorAssemblies (204ms)
				LogAssemblyErrors (0ms)
				InitializePlatformSupportModulesInManaged (5ms)
				SetLoadedEditorAssemblies (0ms)
				RefreshPlugins (1ms)
				BeforeProcessingInitializeOnLoad (53ms)
				ProcessInitializeOnLoadAttributes (135ms)
				ProcessInitializeOnLoadMethodAttributes (6ms)
				AfterProcessingInitializeOnLoad (4ms)
				EditorAssembliesLoaded (0ms)
			ExecutionOrderSort2 (0ms)
			AwakeInstancesAfterBackupRestoration (5ms)
Platform modules already initialized, skipping
Refreshing native plugins compatible for Editor in 0.38 ms, found 2 plugins.
Preloading 0 native plugins for Editor in 0.00 ms.
Unloading 1564 Unused Serialized files (Serialized files now loaded: 0)
System memory in use before: 81.1 MB.
System memory in use after: 80.8 MB.

Unloading 16 unused Assets to reduce memory usage. Loaded Objects now: 2087.
Total: 2.702500 ms (FindLiveObjects: 0.167200 ms CreateObjectMapping: 0.033600 ms MarkObjects: 2.232700 ms  DeleteObjects: 0.267800 ms)

AssetImportParameters requested are different than current active one (requested -> active):
  custom:framework-win-MediaFoundation: 216162199b28c13a410421893ffa2e32 -> 
  custom:video-decoder-ogg-theora: a1e56fd34408186e4bbccfd4996cb3dc -> 
  custom:container-muxer-webm: aa71ff27fc2769a1b78a27578f13a17b -> 
  custom:container-demuxer-webm: 4f35f7cbe854078d1ac9338744f61a02 -> 
  custom:container-demuxer-ogg: 62fdf1f143b41e24485cea50d1cbac27 -> 
  custom:video-encoder-webm-vp8: eb34c28f22e8b96e1ab97ce403110664 -> 
  custom:video-decoder-webm-vp8: 9c59270c3fd7afecdb556c50c9e8de78 -> 
  custom:audio-decoder-ogg-vorbis: bf7c407c2cedff20999df2af8eb42d56 -> 
  custom:audio-encoder-webm-vorbis: bf7c407c2cedff20999df2af8eb42d56 -> 
========================================================================
Received Prepare
Registering precompiled user dll's ...
Registered in 0.002825 seconds.
Begin MonoManager ReloadAssembly
Native extension for WindowsStandalone target not found
Native extension for WebGL target not found
Refreshing native plugins compatible for Editor in 0.38 ms, found 2 plugins.
Preloading 0 native plugins for Editor in 0.00 ms.
Mono: successfully reloaded assembly
- Completed reload, in  0.640 seconds
Domain Reload Profiling:
	ReloadAssembly (640ms)
		BeginReloadAssembly (84ms)
			ExecutionOrderSort (0ms)
			DisableScriptedObjects (4ms)
			BackupInstance (0ms)
			ReleaseScriptingObjects (0ms)
			CreateAndSetChildDomain (28ms)
		EndReloadAssembly (514ms)
			LoadAssemblies (57ms)
			RebuildTransferFunctionScriptingTraits (0ms)
			SetupTypeCache (172ms)
			ReleaseScriptCaches (1ms)
			RebuildScriptCaches (25ms)
			SetupLoadedEditorAssemblies (197ms)
				LogAssemblyErrors (0ms)
				InitializePlatformSupportModulesInManaged (4ms)
				SetLoadedEditorAssemblies (0ms)
				RefreshPlugins (0ms)
				BeforeProcessingInitializeOnLoad (50ms)
				ProcessInitializeOnLoadAttributes (133ms)
				ProcessInitializeOnLoadMethodAttributes (5ms)
				AfterProcessingInitializeOnLoad (3ms)
				EditorAssembliesLoaded (0ms)
			ExecutionOrderSort2 (0ms)
			AwakeInstancesAfterBackupRestoration (5ms)
Platform modules already initialized, skipping
Refreshing native plugins compatible for Editor in 0.43 ms, found 2 plugins.
Preloading 0 native plugins for Editor in 0.00 ms.
Unloading 1564 Unused Serialized files (Serialized files now loaded: 0)
System memory in use before: 81.1 MB.
System memory in use after: 80.8 MB.

Unloading 16 unused Assets to reduce memory usage. Loaded Objects now: 2089.
Total: 2.890100 ms (FindLiveObjects: 0.217500 ms CreateObjectMapping: 0.041000 ms MarkObjects: 2.327700 ms  DeleteObjects: 0.302800 ms)

AssetImportParameters requested are different than current active one (requested -> active):
  custom:framework-win-MediaFoundation: 216162199b28c13a410421893ffa2e32 -> 
  custom:video-decoder-ogg-theora: a1e56fd34408186e4bbccfd4996cb3dc -> 
  custom:container-muxer-webm: aa71ff27fc2769a1b78a27578f13a17b -> 
  custom:container-demuxer-webm: 4f35f7cbe854078d1ac9338744f61a02 -> 
  custom:container-demuxer-ogg: 62fdf1f143b41e24485cea50d1cbac27 -> 
  custom:video-encoder-webm-vp8: eb34c28f22e8b96e1ab97ce403110664 -> 
  custom:video-decoder-webm-vp8: 9c59270c3fd7afecdb556c50c9e8de78 -> 
  custom:audio-decoder-ogg-vorbis: bf7c407c2cedff20999df2af8eb42d56 -> 
  custom:audio-encoder-webm-vorbis: bf7c407c2cedff20999df2af8eb42d56 -> 
========================================================================
Received Prepare
Registering precompiled user dll's ...
Registered in 0.002646 seconds.
Begin MonoManager ReloadAssembly
Native extension for WindowsStandalone target not found
Native extension for WebGL target not found
Refreshing native plugins compatible for Editor in 0.38 ms, found 2 plugins.
Preloading 0 native plugins for Editor in 0.00 ms.
Mono: successfully reloaded assembly
- Completed reload, in  0.721 seconds
Domain Reload Profiling:
	ReloadAssembly (722ms)
		BeginReloadAssembly (89ms)
			ExecutionOrderSort (0ms)
			DisableScriptedObjects (3ms)
			BackupInstance (0ms)
			ReleaseScriptingObjects (0ms)
			CreateAndSetChildDomain (26ms)
		EndReloadAssembly (589ms)
			LoadAssemblies (56ms)
			RebuildTransferFunctionScriptingTraits (0ms)
			SetupTypeCache (209ms)
			ReleaseScriptCaches (1ms)
			RebuildScriptCaches (29ms)
			SetupLoadedEditorAssemblies (225ms)
				LogAssemblyErrors (0ms)
				InitializePlatformSupportModulesInManaged (5ms)
				SetLoadedEditorAssemblies (0ms)
				RefreshPlugins (0ms)
				BeforeProcessingInitializeOnLoad (57ms)
				ProcessInitializeOnLoadAttributes (151ms)
				ProcessInitializeOnLoadMethodAttributes (6ms)
				AfterProcessingInitializeOnLoad (4ms)
				EditorAssembliesLoaded (0ms)
			ExecutionOrderSort2 (0ms)
			AwakeInstancesAfterBackupRestoration (5ms)
Platform modules already initialized, skipping
Refreshing native plugins compatible for Editor in 0.43 ms, found 2 plugins.
Preloading 0 native plugins for Editor in 0.00 ms.
Unloading 1564 Unused Serialized files (Serialized files now loaded: 0)
System memory in use before: 81.1 MB.
System memory in use after: 80.8 MB.

Unloading 16 unused Assets to reduce memory usage. Loaded Objects now: 2091.
Total: 3.577800 ms (FindLiveObjects: 0.167800 ms CreateObjectMapping: 0.033900 ms MarkObjects: 2.820300 ms  DeleteObjects: 0.554200 ms)

AssetImportParameters requested are different than current active one (requested -> active):
  custom:framework-win-MediaFoundation: 216162199b28c13a410421893ffa2e32 -> 
  custom:video-decoder-ogg-theora: a1e56fd34408186e4bbccfd4996cb3dc -> 
  custom:container-muxer-webm: aa71ff27fc2769a1b78a27578f13a17b -> 
  custom:container-demuxer-webm: 4f35f7cbe854078d1ac9338744f61a02 -> 
  custom:container-demuxer-ogg: 62fdf1f143b41e24485cea50d1cbac27 -> 
  custom:video-encoder-webm-vp8: eb34c28f22e8b96e1ab97ce403110664 -> 
  custom:video-decoder-webm-vp8: 9c59270c3fd7afecdb556c50c9e8de78 -> 
  custom:audio-decoder-ogg-vorbis: bf7c407c2cedff20999df2af8eb42d56 -> 
  custom:audio-encoder-webm-vorbis: bf7c407c2cedff20999df2af8eb42d56 -> 
========================================================================
Received Prepare
Registering precompiled user dll's ...
Registered in 0.002809 seconds.
Begin MonoManager ReloadAssembly
Native extension for WindowsStandalone target not found
Native extension for WebGL target not found
Refreshing native plugins compatible for Editor in 0.49 ms, found 2 plugins.
Preloading 0 native plugins for Editor in 0.00 ms.
Mono: successfully reloaded assembly
- Completed reload, in  0.844 seconds
Domain Reload Profiling:
	ReloadAssembly (844ms)
		BeginReloadAssembly (85ms)
			ExecutionOrderSort (0ms)
			DisableScriptedObjects (3ms)
			BackupInstance (0ms)
			ReleaseScriptingObjects (0ms)
			CreateAndSetChildDomain (26ms)
		EndReloadAssembly (715ms)
			LoadAssemblies (70ms)
			RebuildTransferFunctionScriptingTraits (0ms)
			SetupTypeCache (251ms)
			ReleaseScriptCaches (1ms)
			RebuildScriptCaches (35ms)
			SetupLoadedEditorAssemblies (271ms)
				LogAssemblyErrors (0ms)
				InitializePlatformSupportModulesInManaged (6ms)
				SetLoadedEditorAssemblies (0ms)
				RefreshPlugins (1ms)
				BeforeProcessingInitializeOnLoad (70ms)
				ProcessInitializeOnLoadAttributes (182ms)
				ProcessInitializeOnLoadMethodAttributes (8ms)
				AfterProcessingInitializeOnLoad (4ms)
				EditorAssembliesLoaded (0ms)
			ExecutionOrderSort2 (0ms)
			AwakeInstancesAfterBackupRestoration (6ms)
Platform modules already initialized, skipping
Refreshing native plugins compatible for Editor in 0.63 ms, found 2 plugins.
Preloading 0 native plugins for Editor in 0.00 ms.
Unloading 1564 Unused Serialized files (Serialized files now loaded: 0)
System memory in use before: 81.1 MB.
System memory in use after: 80.8 MB.

Unloading 16 unused Assets to reduce memory usage. Loaded Objects now: 2093.
Total: 4.126700 ms (FindLiveObjects: 0.394800 ms CreateObjectMapping: 0.043100 ms MarkObjects: 3.196000 ms  DeleteObjects: 0.490000 ms)

AssetImportParameters requested are different than current active one (requested -> active):
  custom:framework-win-MediaFoundation: 216162199b28c13a410421893ffa2e32 -> 
  custom:video-decoder-ogg-theora: a1e56fd34408186e4bbccfd4996cb3dc -> 
  custom:container-muxer-webm: aa71ff27fc2769a1b78a27578f13a17b -> 
  custom:container-demuxer-webm: 4f35f7cbe854078d1ac9338744f61a02 -> 
  custom:container-demuxer-ogg: 62fdf1f143b41e24485cea50d1cbac27 -> 
  custom:video-encoder-webm-vp8: eb34c28f22e8b96e1ab97ce403110664 -> 
  custom:video-decoder-webm-vp8: 9c59270c3fd7afecdb556c50c9e8de78 -> 
  custom:audio-decoder-ogg-vorbis: bf7c407c2cedff20999df2af8eb42d56 -> 
  custom:audio-encoder-webm-vorbis: bf7c407c2cedff20999df2af8eb42d56 -> 
AssetImportWorkerClient::OnTransportError - code=2 error=End of file
